[0m[[0minfo[0m] [0m[32mAnagramsSuite:[0m[0m
[0m[[0minfo[0m] [0m[32m- wordOccurrences: abcd[0m[0m
[0m[[0minfo[0m] [0m[32m- wordOccurrences: Robert[0m[0m
[0m[[0minfo[0m] [0m[32m- sentenceOccurrences: abcd e[0m[0m
[0m[[0minfo[0m] [0m[32m- dictionaryByOccurrences.get: eat[0m[0m
[0m[[0minfo[0m] [0m[32m- word anagrams: married[0m[0m
[0m[[0minfo[0m] [0m[32m- word anagrams: player[0m[0m
[0m[[0minfo[0m] [0m[31m- subtract: lard - r *** FAILED ***[0m[0m
[0m[[0minfo[0m] [0m[31m  java.lang.Error: an implementation is missing[0m[0m
[0m[[0minfo[0m] [0m[31m  at common.package$.$qmark$qmark$qmark(package.scala:7)[0m[0m
[0m[[0minfo[0m] [0m[31m  at forcomp.Anagrams$.subtract(Anagrams.scala:126)[0m[0m
[0m[[0minfo[0m] [0m[31m  at forcomp.AnagramsSuite$$anonfun$7.apply$mcV$sp(AnagramsSuite.scala:49)[0m[0m
[0m[[0minfo[0m] [0m[31m  at forcomp.AnagramsSuite$$anonfun$7.apply(AnagramsSuite.scala:45)[0m[0m
[0m[[0minfo[0m] [0m[31m  at forcomp.AnagramsSuite$$anonfun$7.apply(AnagramsSuite.scala:45)[0m[0m
[0m[[0minfo[0m] [0m[31m  at org.scalatest.FunSuite$$anon$1.apply(FunSuite.scala:1265)[0m[0m
[0m[[0minfo[0m] [0m[31m  at org.scalatest.Suite$class.withFixture(Suite.scala:1974)[0m[0m
[0m[[0minfo[0m] [0m[31m  at forcomp.AnagramsSuite.withFixture(AnagramsSuite.scala:11)[0m[0m
[0m[[0minfo[0m] [0m[31m  at org.scalatest.FunSuite$class.invokeWithFixture$1(FunSuite.scala:1262)[0m[0m
[0m[[0minfo[0m] [0m[31m  at org.scalatest.FunSuite$$anonfun$runTest$1.apply(FunSuite.scala:1271)[0m[0m
[0m[[0minfo[0m] [0m[31m  ...[0m[0m
[0m[[0minfo[0m] [0m[32m- combinations: [][0m[0m
[0m[[0minfo[0m] [0m[32m- combinations: abba[0m[0m
[0m[[0minfo[0m] [0m[31m- sentence anagrams: [] *** FAILED ***[0m[0m
[0m[[0minfo[0m] [0m[31m  java.lang.Error: an implementation is missing[0m[0m
[0m[[0minfo[0m] [0m[31m  at common.package$.$qmark$qmark$qmark(package.scala:7)[0m[0m
[0m[[0minfo[0m] [0m[31m  at forcomp.Anagrams$.sentenceAnagrams(Anagrams.scala:168)[0m[0m
[0m[[0minfo[0m] [0m[31m  at forcomp.AnagramsSuite$$anonfun$10.apply$mcV$sp(AnagramsSuite.scala:76)[0m[0m
[0m[[0minfo[0m] [0m[31m  at forcomp.AnagramsSuite$$anonfun$10.apply(AnagramsSuite.scala:74)[0m[0m
[0m[[0minfo[0m] [0m[31m  at forcomp.AnagramsSuite$$anonfun$10.apply(AnagramsSuite.scala:74)[0m[0m
[0m[[0minfo[0m] [0m[31m  at org.scalatest.FunSuite$$anon$1.apply(FunSuite.scala:1265)[0m[0m
[0m[[0minfo[0m] [0m[31m  at org.scalatest.Suite$class.withFixture(Suite.scala:1974)[0m[0m
[0m[[0minfo[0m] [0m[31m  at forcomp.AnagramsSuite.withFixture(AnagramsSuite.scala:11)[0m[0m
[0m[[0minfo[0m] [0m[31m  at org.scalatest.FunSuite$class.invokeWithFixture$1(FunSuite.scala:1262)[0m[0m
[0m[[0minfo[0m] [0m[31m  at org.scalatest.FunSuite$$anonfun$runTest$1.apply(FunSuite.scala:1271)[0m[0m
[0m[[0minfo[0m] [0m[31m  ...[0m[0m
[0m[[0minfo[0m] [0m[31m- sentence anagrams: Linux rulez *** FAILED ***[0m[0m
[0m[[0minfo[0m] [0m[31m  java.lang.Error: an implementation is missing[0m[0m
[0m[[0minfo[0m] [0m[31m  at common.package$.$qmark$qmark$qmark(package.scala:7)[0m[0m
[0m[[0minfo[0m] [0m[31m  at forcomp.Anagrams$.sentenceAnagrams(Anagrams.scala:168)[0m[0m
[0m[[0minfo[0m] [0m[31m  at forcomp.AnagramsSuite$$anonfun$11.apply$mcV$sp(AnagramsSuite.scala:103)[0m[0m
[0m[[0minfo[0m] [0m[31m  at forcomp.AnagramsSuite$$anonfun$11.apply(AnagramsSuite.scala:79)[0m[0m
[0m[[0minfo[0m] [0m[31m  at forcomp.AnagramsSuite$$anonfun$11.apply(AnagramsSuite.scala:79)[0m[0m
[0m[[0minfo[0m] [0m[31m  at org.scalatest.FunSuite$$anon$1.apply(FunSuite.scala:1265)[0m[0m
[0m[[0minfo[0m] [0m[31m  at org.scalatest.Suite$class.withFixture(Suite.scala:1974)[0m[0m
[0m[[0minfo[0m] [0m[31m  at forcomp.AnagramsSuite.withFixture(AnagramsSuite.scala:11)[0m[0m
[0m[[0minfo[0m] [0m[31m  at org.scalatest.FunSuite$class.invokeWithFixture$1(FunSuite.scala:1262)[0m[0m
[0m[[0minfo[0m] [0m[31m  at org.scalatest.FunSuite$$anonfun$runTest$1.apply(FunSuite.scala:1271)[0m[0m
[0m[[0minfo[0m] [0m[31m  ...[0m[0m
